<?xml version="1.0" encoding="UTF-8"?>
<!-- Generated by org.testng.reporters.JUnitReportReporter -->
<testsuite hostname="Jeeva" failures="0" tests="3" name="seleniumGrid.CrossBrowserTest" time="89.588" errors="0" timestamp="2024-07-20T19:42:58 IST" skipped="0">
  <testcase classname="seleniumGrid.CrossBrowserTest" name="parallelTest" time="30.210"/>
  <system-out/>
  <testcase classname="seleniumGrid.CrossBrowserTest" name="parallelTest" time="30.752"/>
  <system-out/>
  <testcase classname="seleniumGrid.CrossBrowserTest" name="parallelTest" time="28.626"/>
  <system-out/>
</testsuite> <!-- seleniumGrid.CrossBrowserTest -->
