<?xml version="1.0" encoding="UTF-8"?>
<!-- Generated by org.testng.reporters.JUnitReportReporter -->
<testsuite hostname="Jeeva" failures="0" tests="3" name="seleniumGrid.CrossBrowserTest" time="86.472" errors="0" timestamp="2024-07-20T20:01:44 IST" skipped="0">
  <testcase classname="seleniumGrid.CrossBrowserTest" name="parallelTest" time="27.775"/>
  <system-out/>
  <testcase classname="seleniumGrid.CrossBrowserTest" name="parallelTest" time="29.769"/>
  <system-out/>
  <testcase classname="seleniumGrid.CrossBrowserTest" name="parallelTest" time="28.928"/>
  <system-out/>
</testsuite> <!-- seleniumGrid.CrossBrowserTest -->
